<?xml version="1.0" encoding="UTF-8"?>
<!-- Generated by org.testng.reporters.JUnitReportReporter -->
<testsuite skipped="0" hostname="ATMECSINDT-046" name="com.atmecs.practo.testscripts.Login" tests="1" failures="0" timestamp="31 Oct 2019 09:24:57 GMT" time="9.555" errors="0">
  <testcase name="selectNoOfPersons" time="9.555" classname="com.atmecs.practo.testscripts.Login"/>
</testsuite> <!-- com.atmecs.practo.testscripts.Login -->
