<?xml version="1.0" encoding="UTF-8"?>
<!-- Generated by org.testng.reporters.JUnitReportReporter -->
<testsuite skipped="0" hostname="ATMECSINDT-046" name="com.atmecs.TaskKonakart.TaskKonakort.SearchValidation" tests="1" failures="0" timestamp="15 Oct 2019 11:15:43 GMT" time="130.007" errors="0">
  <testcase name="searchValidation" time="130.007" classname="com.atmecs.TaskKonakart.TaskKonakort.SearchValidation"/>
</testsuite> <!-- com.atmecs.TaskKonakart.TaskKonakort.SearchValidation -->
