<?xml version="1.0" encoding="UTF-8"?>
<!-- Generated by org.testng.reporters.JUnitReportReporter -->
<testsuite skipped="0" hostname="ATMECSINDT-046" name="com.atmecs.practo.testscripts.Suites" tests="1" failures="0" timestamp="31 Oct 2019 13:13:19 GMT" time="17.860" errors="0">
  <testcase name="suitemethod" time="17.860" classname="com.atmecs.practo.testscripts.Suites"/>
</testsuite> <!-- com.atmecs.practo.testscripts.Suites -->
