<?xml version="1.0" encoding="UTF-8"?>
<!-- Generated by org.testng.reporters.JUnitReportReporter -->
<testsuite skipped="0" hostname="ATMECSINDT-046" name="com.atmecs.TaskKonakart.TaskKonakort.SearchValidation" tests="1" failures="0" timestamp="15 Oct 2019 11:08:51 GMT" time="126.825" errors="0">
  <testcase name="searchValidation" time="126.825" classname="com.atmecs.TaskKonakart.TaskKonakort.SearchValidation"/>
</testsuite> <!-- com.atmecs.TaskKonakart.TaskKonakort.SearchValidation -->
